{
  "/home/valentin/source/repos/alkemio/notifications/src/app.controller.ts": {
    "path": "/home/valentin/source/repos/alkemio/notifications/src/app.controller.ts",
    "statementMap": {
      "0": {
        "start": { "line": 1, "column": 0 },
        "end": { "line": 1, "column": 67 }
      },
      "1": {
        "start": { "line": 2, "column": 0 },
        "end": { "line": 2, "column": 79 }
      },
      "2": {
        "start": { "line": 3, "column": 0 },
        "end": { "line": 3, "column": 60 }
      },
      "3": {
        "start": { "line": 4, "column": 0 },
        "end": { "line": 4, "column": 50 }
      },
      "4": {
        "start": { "line": 5, "column": 0 },
        "end": { "line": 5, "column": 83 }
      },
      "5": {
        "start": { "line": 9, "column": 0 },
        "end": { "line": 40, "column": null }
      },
      "6": {
        "start": { "line": 11, "column": 12 },
        "end": { "line": 11, "column": 33 }
      },
      "7": {
        "start": { "line": 13, "column": 21 },
        "end": { "line": 13, "column": 42 }
      },
      "8": {
        "start": { "line": 15, "column": 21 },
        "end": { "line": 15, "column": 62 }
      },
      "9": {
        "start": { "line": 23, "column": 20 },
        "end": { "line": 23, "column": 43 }
      },
      "10": {
        "start": { "line": 24, "column": 24 },
        "end": { "line": 24, "column": 44 }
      },
      "11": {
        "start": { "line": 26, "column": 4 },
        "end": { "line": 36, "column": null }
      },
      "12": {
        "start": { "line": 27, "column": 6 },
        "end": { "line": 35, "column": null }
      },
      "13": {
        "start": { "line": 28, "column": 8 },
        "end": { "line": 28, "column": 74 }
      },
      "14": {
        "start": { "line": 30, "column": 8 },
        "end": { "line": 30, "column": 33 }
      },
      "15": {
        "start": { "line": 34, "column": 8 },
        "end": { "line": 34, "column": 15 }
      },
      "16": {
        "start": { "line": 38, "column": 4 },
        "end": { "line": 38, "column": 29 }
      },
      "17": {
        "start": { "line": 19, "column": 2 },
        "end": { "line": 39, "column": null }
      },
      "18": {
        "start": { "line": 9, "column": 13 },
        "end": { "line": 40, "column": null }
      },
      "19": {
        "start": { "line": 9, "column": 13 },
        "end": { "line": 9, "column": 26 }
      }
    },
    "fnMap": {
      "0": {
        "name": "(anonymous_4)",
        "decl": {
          "start": { "line": 10, "column": 2 },
          "end": { "line": 10, "column": null }
        },
        "loc": {
          "start": { "line": 15, "column": 62 },
          "end": { "line": 16, "column": 6 }
        }
      },
      "1": {
        "name": "(anonymous_5)",
        "decl": {
          "start": { "line": 19, "column": 2 },
          "end": { "line": 19, "column": 7 }
        },
        "loc": {
          "start": { "line": 21, "column": 30 },
          "end": { "line": 39, "column": 3 }
        }
      }
    },
    "branchMap": {
      "0": {
        "loc": {
          "start": { "line": 26, "column": 4 },
          "end": { "line": 36, "column": null }
        },
        "type": "if",
        "locations": [
          {
            "start": { "line": 26, "column": 4 },
            "end": { "line": 36, "column": null }
          },
          {
            "start": { "line": 26, "column": 4 },
            "end": { "line": 36, "column": null }
          }
        ]
      }
    },
    "s": {
      "0": 0,
      "1": 0,
      "2": 0,
      "3": 0,
      "4": 0,
      "5": 0,
      "6": 0,
      "7": 0,
      "8": 0,
      "9": 0,
      "10": 0,
      "11": 0,
      "12": 0,
      "13": 0,
      "14": 0,
      "15": 0,
      "16": 0,
      "17": 0,
      "18": 0,
      "19": 0
    },
    "f": { "0": 0, "1": 0 },
    "b": { "0": [0, 0] }
  },
  "/home/valentin/source/repos/alkemio/notifications/src/services/notification/notification.service.ts": {
    "path": "/home/valentin/source/repos/alkemio/notifications/src/services/notification/notification.service.ts",
    "statementMap": {
      "0": {
        "start": { "line": 1, "column": 0 },
        "end": { "line": 1, "column": 67 }
      },
      "1": {
        "start": { "line": 2, "column": 0 },
        "end": { "line": 2, "column": 60 }
      },
      "2": {
        "start": { "line": 3, "column": 0 },
        "end": { "line": 3, "column": 61 }
      },
      "3": {
        "start": { "line": 4, "column": 0 },
        "end": { "line": 4, "column": 65 }
      },
      "4": {
        "start": { "line": 5, "column": 0 },
        "end": { "line": 5, "column": 118 }
      },
      "5": {
        "start": { "line": 8, "column": 0 },
        "end": { "line": 41, "column": null }
      },
      "6": {
        "start": { "line": 11, "column": 21 },
        "end": { "line": 11, "column": 42 }
      },
      "7": {
        "start": { "line": 13, "column": 21 },
        "end": { "line": 13, "column": 37 }
      },
      "8": {
        "start": { "line": 14, "column": 21 },
        "end": { "line": 14, "column": 53 }
      },
      "9": {
        "start": { "line": 20, "column": 33 },
        "end": { "line": 20, "column": 35 }
      },
      "10": {
        "start": { "line": 22, "column": 6 },
        "end": { "line": 22, "column": 75 }
      },
      "11": {
        "start": { "line": 24, "column": 4 },
        "end": { "line": 26, "column": null }
      },
      "12": {
        "start": { "line": 25, "column": 6 },
        "end": { "line": 25, "column": 80 }
      },
      "13": {
        "start": { "line": 27, "column": 4 },
        "end": { "line": 27, "column": 45 }
      },
      "14": {
        "start": { "line": 33, "column": 4 },
        "end": { "line": 39, "column": 7 }
      },
      "15": {
        "start": { "line": 34, "column": 6 },
        "end": { "line": 37, "column": 8 }
      },
      "16": {
        "start": { "line": 38, "column": 6 },
        "end": { "line": 38, "column": 17 }
      },
      "17": {
        "start": { "line": 8, "column": 13 },
        "end": { "line": 41, "column": null }
      },
      "18": {
        "start": { "line": 8, "column": 13 },
        "end": { "line": 8, "column": 32 }
      }
    },
    "fnMap": {
      "0": {
        "name": "(anonymous_5)",
        "decl": {
          "start": { "line": 9, "column": 2 },
          "end": { "line": 9, "column": null }
        },
        "loc": {
          "start": { "line": 14, "column": 83 },
          "end": { "line": 15, "column": 6 }
        }
      },
      "1": {
        "name": "(anonymous_6)",
        "decl": {
          "start": { "line": 17, "column": 2 },
          "end": { "line": 17, "column": 7 }
        },
        "loc": {
          "start": { "line": 18, "column": 16 },
          "end": { "line": 28, "column": 3 }
        }
      },
      "2": {
        "name": "(anonymous_7)",
        "decl": {
          "start": { "line": 30, "column": 10 },
          "end": { "line": 30, "column": 15 }
        },
        "loc": {
          "start": { "line": 31, "column": 21 },
          "end": { "line": 40, "column": 3 }
        }
      },
      "3": {
        "name": "(anonymous_8)",
        "decl": {
          "start": { "line": 33, "column": 64 },
          "end": { "line": 33, "column": 67 }
        },
        "loc": {
          "start": { "line": 33, "column": 70 },
          "end": { "line": 39, "column": 5 }
        }
      }
    },
    "branchMap": {
      "0": {
        "loc": {
          "start": { "line": 34, "column": 25 },
          "end": { "line": 34, "column": null }
        },
        "type": "cond-expr",
        "locations": [
          {
            "start": { "line": 34, "column": 25 },
            "end": { "line": 34, "column": null }
          },
          {
            "start": { "line": 34, "column": 25 },
            "end": { "line": 36, "column": null }
          }
        ]
      },
      "1": {
        "loc": {
          "start": { "line": 34, "column": 6 },
          "end": { "line": 34, "column": null }
        },
        "type": "binary-expr",
        "locations": [
          {
            "start": { "line": 34, "column": 6 },
            "end": { "line": 34, "column": null }
          },
          {
            "start": { "line": 34, "column": 25 },
            "end": { "line": 34, "column": null }
          }
        ]
      }
    },
    "s": {
      "0": 1,
      "1": 1,
      "2": 1,
      "3": 1,
      "4": 1,
      "5": 1,
      "6": 2,
      "7": 2,
      "8": 2,
      "9": 2,
      "10": 2,
      "11": 1,
      "12": 3,
      "13": 1,
      "14": 3,
      "15": 3,
      "16": 3,
      "17": 1,
      "18": 1
    },
    "f": { "0": 2, "1": 2, "2": 3, "3": 3 },
    "b": { "0": [0, 3], "1": [3, 3] }
  }
}
