TN:
SF:src/app.controller.ts
FN:10,(anonymous_4)
FN:19,(anonymous_5)
FNF:2
FNH:0
FNDA:0,(anonymous_4)
FNDA:0,(anonymous_5)
DA:1,0
DA:2,0
DA:3,0
DA:4,0
DA:5,0
DA:9,0
DA:11,0
DA:13,0
DA:15,0
DA:19,0
DA:23,0
DA:24,0
DA:26,0
DA:27,0
DA:28,0
DA:30,0
DA:34,0
DA:38,0
LF:18
LH:0
BRDA:26,0,0,0
BRDA:26,0,1,0
BRF:2
BRH:0
end_of_record
TN:
SF:src/services/notification/notification.service.ts
FN:9,(anonymous_5)
FN:17,(anonymous_6)
FN:30,(anonymous_7)
FN:33,(anonymous_8)
FNF:4
FNH:4
FNDA:2,(anonymous_5)
FNDA:2,(anonymous_6)
FNDA:3,(anonymous_7)
FNDA:3,(anonymous_8)
DA:1,1
DA:2,1
DA:3,1
DA:4,1
DA:5,1
DA:8,1
DA:11,2
DA:13,2
DA:14,2
DA:20,2
DA:22,2
DA:24,1
DA:25,3
DA:27,1
DA:33,3
DA:34,3
DA:38,3
LF:17
LH:17
BRDA:34,0,0,0
BRDA:34,0,1,3
BRDA:34,1,0,3
BRDA:34,1,1,3
BRF:4
BRH:3
end_of_record
